<?xml version="1.0" encoding="UTF-8" ?>
<testsuite errors="0" failures="3" hostname="pres" name="Storing key pieces of release information" tests="1" time="0.593" timestamp="2012-07-10T21:25:20">
  <properties />
  <testcase classname="grails.plugin.cucumber.CucumberTest" name="" time="0.443">
    <failure message="Undefined Step: Given a component has observed release information" type="grails.plugin.cucumber.FakeAssertionFailedError">cucumber.runtime.UndefinedStepException: Undefined Step: Given a component has observed release information
	at grails.plugin.cucumber.CucumberFormatter.result(CucumberFormatter.groovy:198)
	at cucumber.runtime.Runtime.runStep(Runtime.java:239)
	at cucumber.runtime.model.StepContainer.runStep(StepContainer.java:44)
	at cucumber.runtime.model.StepContainer.runSteps(StepContainer.java:39)
	at cucumber.runtime.model.CucumberScenario.run(CucumberScenario.java:36)
	at cucumber.runtime.model.CucumberFeature.run(CucumberFeature.java:112)
	at grails.plugin.cucumber.Cucumber$_run_closure2.doCall(Cucumber.groovy:58)
	at grails.plugin.cucumber.Cucumber.run(Cucumber.groovy:57)
	at grails.plugin.cucumber.CucumberTestType.runFeatures(CucumberTestType.groovy:103)
	at grails.plugin.cucumber.CucumberTestType.doRun(CucumberTestType.groovy:58)
</failure>
    <failure message="Undefined Step: When viewing the component detailed history page" type="grails.plugin.cucumber.FakeAssertionFailedError">cucumber.runtime.UndefinedStepException: Undefined Step: When viewing the component detailed history page
	at grails.plugin.cucumber.CucumberFormatter.result(CucumberFormatter.groovy:198)
	at cucumber.runtime.Runtime.runStep(Runtime.java:239)
	at cucumber.runtime.model.StepContainer.runStep(StepContainer.java:44)
	at cucumber.runtime.model.StepContainer.runSteps(StepContainer.java:39)
	at cucumber.runtime.model.CucumberScenario.run(CucumberScenario.java:36)
	at cucumber.runtime.model.CucumberFeature.run(CucumberFeature.java:112)
	at grails.plugin.cucumber.Cucumber$_run_closure2.doCall(Cucumber.groovy:58)
	at grails.plugin.cucumber.Cucumber.run(Cucumber.groovy:57)
	at grails.plugin.cucumber.CucumberTestType.runFeatures(CucumberTestType.groovy:103)
	at grails.plugin.cucumber.CucumberTestType.doRun(CucumberTestType.groovy:58)
</failure>
    <failure message="Undefined Step: Then it should show &quot;Build Id&quot;, &quot;Timestamp&quot;, &quot;Annotations&quot;" type="grails.plugin.cucumber.FakeAssertionFailedError">cucumber.runtime.UndefinedStepException: Undefined Step: Then it should show &quot;Build Id&quot;, &quot;Timestamp&quot;, &quot;Annotations&quot;
	at grails.plugin.cucumber.CucumberFormatter.result(CucumberFormatter.groovy:198)
	at cucumber.runtime.Runtime.runStep(Runtime.java:239)
	at cucumber.runtime.model.StepContainer.runStep(StepContainer.java:44)
	at cucumber.runtime.model.StepContainer.runSteps(StepContainer.java:39)
	at cucumber.runtime.model.CucumberScenario.run(CucumberScenario.java:36)
	at cucumber.runtime.model.CucumberFeature.run(CucumberFeature.java:112)
	at grails.plugin.cucumber.Cucumber$_run_closure2.doCall(Cucumber.groovy:58)
	at grails.plugin.cucumber.Cucumber.run(Cucumber.groovy:57)
	at grails.plugin.cucumber.CucumberTestType.runFeatures(CucumberTestType.groovy:103)
	at grails.plugin.cucumber.CucumberTestType.doRun(CucumberTestType.groovy:58)
</failure>
  </testcase>
  <system-out><![CDATA[Feature: Storing key pieces of release information
  As a user 
  I want to see key release information captured
  So that I can validate the intended release for an application

--Output from --
  Scenario:                                                    # StoreReleaseInfo.feature:6
    Given a component has observed release information
    When viewing the component detailed history page
    Then it should show "Build Id", "Timestamp", "Annotations"
]]></system-out>
  <system-err><![CDATA[
--Output from --]]></system-err>
</testsuite>
